[INFO] Distro detectada: ubuntu
Get:1 http://security.ubuntu.com/ubuntu noble-security InRelease [126 kB]
Hit:2 http://archive.ubuntu.com/ubuntu noble InRelease
Get:3 http://archive.ubuntu.com/ubuntu noble-updates InRelease [126 kB]
Get:4 http://security.ubuntu.com/ubuntu noble-security/main amd64 Components [21.5 kB]
Get:5 http://archive.ubuntu.com/ubuntu noble-backports InRelease [126 kB]
Get:6 http://security.ubuntu.com/ubuntu noble-security/main amd64 c-n-f Metadata [9012 B]
Get:7 http://security.ubuntu.com/ubuntu noble-security/universe amd64 Components [52.2 kB]
Get:8 http://security.ubuntu.com/ubuntu noble-security/restricted amd64 Components [212 B]
Get:9 http://security.ubuntu.com/ubuntu noble-security/multiverse amd64 Components [208 B]
Get:10 http://archive.ubuntu.com/ubuntu noble-updates/main amd64 Components [175 kB]
Get:11 http://archive.ubuntu.com/ubuntu noble-updates/universe amd64 Components [378 kB]
Get:12 http://archive.ubuntu.com/ubuntu noble-updates/restricted amd64 Components [212 B]
Get:13 http://archive.ubuntu.com/ubuntu noble-updates/multiverse amd64 Components [940 B]
Get:14 http://archive.ubuntu.com/ubuntu noble-backports/main amd64 Components [7140 B]
Get:15 http://archive.ubuntu.com/ubuntu noble-backports/universe amd64 Components [11.0 kB]
Get:16 http://archive.ubuntu.com/ubuntu noble-backports/restricted amd64 Components [216 B]
Get:17 http://archive.ubuntu.com/ubuntu noble-backports/multiverse amd64 Components [212 B]
Fetched 1034 kB in 3s (410 kB/s)
Reading package lists...
Reading package lists...
Building dependency tree...
Reading state information...
Calculating upgrade...
The following packages have been kept back:
  libegl-mesa0 libgbm1 libgl1-amber-dri libgl1-mesa-dri libglx-mesa0
  mesa-libgallium mesa-vulkan-drivers
0 upgraded, 0 newly installed, 0 to remove and 7 not upgraded.
[DONE] Sistema actualizado sin reinicio requerido.
